# JRE version: OpenJDK Runtime Environment Temurin-17.0.11+9 (17.0.11+9) (build 17.0.11+9)
# Java VM: OpenJDK 64-Bit Server VM Temurin-17.0.11+9 (17.0.11+9, mixed mode, tiered, compressed oops, compressed class ptrs, parallel gc, windows-amd64)
GC Precious Log:
 CPUs: 8 total, 8 available
 Memory: 16131M
 Large Page Support: Disabled
 NUMA Support: Disabled
 Compressed Oops: Enabled (32-bit)
 Alignments: Space 512K, Generation 512K, Heap 2M
 Heap Min Capacity: 100M
 Heap Initial Capacity: 100M
 Heap Max Capacity: 1G
 Pre-touch: Disabled
 Parallel Workers: 8
Heap:
 PSYoungGen      total 4096K, used 2894K [0x00000000eab00000, 0x00000000eb000000, 0x0000000100000000)
  eden space 3072K, 71% used [0x00000000eab00000,0x00000000ead23918,0x00000000eae00000)
  from space 1024K, 68% used [0x00000000eae00000,0x00000000eaeb0000,0x00000000eaf00000)
  to   space 1024K, 0% used [0x00000000eaf00000,0x00000000eaf00000,0x00000000eb000000)
 ParOldGen       total 222720K, used 185719K [0x00000000c0000000, 0x00000000cd980000, 0x00000000eab00000)
  object space 222720K, 83% used [0x00000000c0000000,0x00000000cb55dc80,0x00000000cd980000)
 Metaspace       used 103694K, committed 105088K, reserved 1179648K
  class space    used 10123K, committed 10752K, reserved 1048576K
GC Heap History (20 events):
Event: 14716.735 GC heap before
{Heap before GC invocations=6733 (full 136):
 PSYoungGen      total 4096K, used 3264K [0x00000000eab00000, 0x00000000eaf80000, 0x0000000100000000)
  eden space 3072K, 100% used [0x00000000eab00000,0x00000000eae00000,0x00000000eae00000)
  from space 1024K, 18% used [0x00000000eae00000,0x00000000eae30000,0x00000000eaf00000)
  to   space 512K, 0% used [0x00000000eaf00000,0x00000000eaf00000,0x00000000eaf80000)
 ParOldGen       total 222720K, used 175741K [0x00000000c0000000, 0x00000000cd980000, 0x00000000eab00000)
  object space 222720K, 78% used [0x00000000c0000000,0x00000000cab9f618,0x00000000cd980000)
 Metaspace       used 103688K, committed 105088K, reserved 1179648K
  class space    used 10123K, committed 10752K, reserved 1048576K
}
Event: 14716.737 GC heap after
{Heap after GC invocations=6733 (full 136):
 PSYoungGen      total 3584K, used 288K [0x00000000eab00000, 0x00000000eaf80000, 0x0000000100000000)
  eden space 3072K, 0% used [0x00000000eab00000,0x00000000eab00000,0x00000000eae00000)
  from space 512K, 56% used [0x00000000eaf00000,0x00000000eaf48020,0x00000000eaf80000)
  to   space 512K, 0% used [0x00000000eae80000,0x00000000eae80000,0x00000000eaf00000)
 ParOldGen       total 222720K, used 175749K [0x00000000c0000000, 0x00000000cd980000, 0x00000000eab00000)
  object space 222720K, 78% used [0x00000000c0000000,0x00000000caba1618,0x00000000cd980000)
 Metaspace       used 103688K, committed 105088K, reserved 1179648K
  class space    used 10123K, committed 10752K, reserved 1048576K
}
Event: 14716.749 GC heap before
{Heap before GC invocations=6734 (full 136):
 PSYoungGen      total 3584K, used 3360K [0x00000000eab00000, 0x00000000eaf80000, 0x0000000100000000)
  eden space 3072K, 100% used [0x00000000eab00000,0x00000000eae00000,0x00000000eae00000)
  from space 512K, 56% used [0x00000000eaf00000,0x00000000eaf48020,0x00000000eaf80000)
  to   space 512K, 0% used [0x00000000eae80000,0x00000000eae80000,0x00000000eaf00000)
 ParOldGen       total 222720K, used 175749K [0x00000000c0000000, 0x00000000cd980000, 0x00000000eab00000)
  object space 222720K, 78% used [0x00000000c0000000,0x00000000caba1618,0x00000000cd980000)
 Metaspace       used 103694K, committed 105088K, reserved 1179648K
  class space    used 10123K, committed 10752K, reserved 1048576K
}
Event: 14716.750 GC heap after
{Heap after GC invocations=6734 (full 136):
 PSYoungGen      total 3584K, used 352K [0x00000000eab00000, 0x00000000eaf80000, 0x0000000100000000)
  eden space 3072K, 0% used [0x00000000eab00000,0x00000000eab00000,0x00000000eae00000)
  from space 512K, 68% used [0x00000000eae80000,0x00000000eaed8020,0x00000000eaf00000)
  to   space 512K, 0% used [0x00000000eaf00000,0x00000000eaf00000,0x00000000eaf80000)
 ParOldGen       total 222720K, used 175749K [0x00000000c0000000, 0x00000000cd980000, 0x00000000eab00000)
  object space 222720K, 78% used [0x00000000c0000000,0x00000000caba1618,0x00000000cd980000)
 Metaspace       used 103694K, committed 105088K, reserved 1179648K
  class space    used 10123K, committed 10752K, reserved 1048576K
}
Event: 14716.758 GC heap before
{Heap before GC invocations=6735 (full 136):
 PSYoungGen      total 3584K, used 3424K [0x00000000eab00000, 0x00000000eaf80000, 0x0000000100000000)
  eden space 3072K, 100% used [0x00000000eab00000,0x00000000eae00000,0x00000000eae00000)
  from space 512K, 68% used [0x00000000eae80000,0x00000000eaed8020,0x00000000eaf00000)
  to   space 512K, 0% used [0x00000000eaf00000,0x00000000eaf00000,0x00000000eaf80000)
 ParOldGen       total 222720K, used 175749K [0x00000000c0000000, 0x00000000cd980000, 0x00000000eab00000)
  object space 222720K, 78% used [0x00000000c0000000,0x00000000caba1618,0x00000000cd980000)
 Metaspace       used 103694K, committed 105088K, reserved 1179648K
  class space    used 10123K, committed 10752K, reserved 1048576K
}
Event: 14716.759 GC heap after
{Heap after GC invocations=6735 (full 136):
 PSYoungGen      total 3584K, used 500K [0x00000000eab00000, 0x00000000eb000000, 0x0000000100000000)
  eden space 3072K, 0% used [0x00000000eab00000,0x00000000eab00000,0x00000000eae00000)
  from space 512K, 97% used [0x00000000eaf00000,0x00000000eaf7d200,0x00000000eaf80000)
  to   space 1024K, 0% used [0x00000000eae00000,0x00000000eae00000,0x00000000eaf00000)
 ParOldGen       total 222720K, used 176073K [0x00000000c0000000, 0x00000000cd980000, 0x00000000eab00000)
  object space 222720K, 79% used [0x00000000c0000000,0x00000000cabf2500,0x00000000cd980000)
 Metaspace       used 103694K, committed 105088K, reserved 1179648K
  class space    used 10123K, committed 10752K, reserved 1048576K
}
Event: 14716.767 GC heap before
{Heap before GC invocations=6736 (full 136):
 PSYoungGen      total 3584K, used 3283K [0x00000000eab00000, 0x00000000eb000000, 0x0000000100000000)
  eden space 3072K, 90% used [0x00000000eab00000,0x00000000eadb7c38,0x00000000eae00000)
  from space 512K, 97% used [0x00000000eaf00000,0x00000000eaf7d200,0x00000000eaf80000)
  to   space 1024K, 0% used [0x00000000eae00000,0x00000000eae00000,0x00000000eaf00000)
 ParOldGen       total 222720K, used 176073K [0x00000000c0000000, 0x00000000cd980000, 0x00000000eab00000)
  object space 222720K, 79% used [0x00000000c0000000,0x00000000cabf2500,0x00000000cd980000)
 Metaspace       used 103694K, committed 105088K, reserved 1179648K
  class space    used 10123K, committed 10752K, reserved 1048576K
}
Event: 14716.768 GC heap after
{Heap after GC invocations=6736 (full 136):
 PSYoungGen      total 4096K, used 829K [0x00000000eab00000, 0x00000000eb000000, 0x0000000100000000)
  eden space 3072K, 0% used [0x00000000eab00000,0x00000000eab00000,0x00000000eae00000)
  from space 1024K, 80% used [0x00000000eae00000,0x00000000eaecf5a0,0x00000000eaf00000)
  to   space 1024K, 0% used [0x00000000eaf00000,0x00000000eaf00000,0x00000000eb000000)
 ParOldGen       total 222720K, used 176533K [0x00000000c0000000, 0x00000000cd980000, 0x00000000eab00000)
  object space 222720K, 79% used [0x00000000c0000000,0x00000000cac65720,0x00000000cd980000)
 Metaspace       used 103694K, committed 105088K, reserved 1179648K
  class space    used 10123K, committed 10752K, reserved 1048576K
}
Event: 14716.775 GC heap before
{Heap before GC invocations=6737 (full 136):
 PSYoungGen      total 4096K, used 3901K [0x00000000eab00000, 0x00000000eb000000, 0x0000000100000000)
  eden space 3072K, 100% used [0x00000000eab00000,0x00000000eae00000,0x00000000eae00000)
  from space 1024K, 80% used [0x00000000eae00000,0x00000000eaecf5a0,0x00000000eaf00000)
  to   space 1024K, 0% used [0x00000000eaf00000,0x00000000eaf00000,0x00000000eb000000)
 ParOldGen       total 222720K, used 176533K [0x00000000c0000000, 0x00000000cd980000, 0x00000000eab00000)
  object space 222720K, 79% used [0x00000000c0000000,0x00000000cac65720,0x00000000cd980000)
 Metaspace       used 103694K, committed 105088K, reserved 1179648K
  class space    used 10123K, committed 10752K, reserved 1048576K
}
Event: 14716.777 GC heap after
{Heap after GC invocations=6737 (full 136):
 PSYoungGen      total 4096K, used 995K [0x00000000eab00000, 0x00000000eb000000, 0x0000000100000000)
  eden space 3072K, 0% used [0x00000000eab00000,0x00000000eab00000,0x00000000eae00000)
  from space 1024K, 97% used [0x00000000eaf00000,0x00000000eaff8ca0,0x00000000eb000000)
  to   space 1024K, 0% used [0x00000000eae00000,0x00000000eae00000,0x00000000eaf00000)
 ParOldGen       total 222720K, used 179347K [0x00000000c0000000, 0x00000000cd980000, 0x00000000eab00000)
  object space 222720K, 80% used [0x00000000c0000000,0x00000000caf24d40,0x00000000cd980000)
 Metaspace       used 103694K, committed 105088K, reserved 1179648K
  class space    used 10123K, committed 10752K, reserved 1048576K
}
Event: 14716.786 GC heap before
{Heap before GC invocations=6738 (full 136):
 PSYoungGen      total 4096K, used 4067K [0x00000000eab00000, 0x00000000eb000000, 0x0000000100000000)
  eden space 3072K, 100% used [0x00000000eab00000,0x00000000eae00000,0x00000000eae00000)
  from space 1024K, 97% used [0x00000000eaf00000,0x00000000eaff8ca0,0x00000000eb000000)
  to   space 1024K, 0% used [0x00000000eae00000,0x00000000eae00000,0x00000000eaf00000)
 ParOldGen       total 222720K, used 179347K [0x00000000c0000000, 0x00000000cd980000, 0x00000000eab00000)
  object space 222720K, 80% used [0x00000000c0000000,0x00000000caf24d40,0x00000000cd980000)
 Metaspace       used 103694K, committed 105088K, reserved 1179648K
  class space    used 10123K, committed 10752K, reserved 1048576K
}
Event: 14716.789 GC heap after
{Heap after GC invocations=6738 (full 136):
 PSYoungGen      total 4096K, used 1024K [0x00000000eab00000, 0x00000000eb000000, 0x0000000100000000)
  eden space 3072K, 0% used [0x00000000eab00000,0x00000000eab00000,0x00000000eae00000)
  from space 1024K, 100% used [0x00000000eae00000,0x00000000eaf00000,0x00000000eaf00000)
  to   space 1024K, 0% used [0x00000000eaf00000,0x00000000eaf00000,0x00000000eb000000)
 ParOldGen       total 222720K, used 182406K [0x00000000c0000000, 0x00000000cd980000, 0x00000000eab00000)
  object space 222720K, 81% used [0x00000000c0000000,0x00000000cb2219e0,0x00000000cd980000)
 Metaspace       used 103694K, committed 105088K, reserved 1179648K
  class space    used 10123K, committed 10752K, reserved 1048576K
}
Event: 14716.796 GC heap before
{Heap before GC invocations=6739 (full 136):
 PSYoungGen      total 4096K, used 4096K [0x00000000eab00000, 0x00000000eb000000, 0x0000000100000000)
  eden space 3072K, 100% used [0x00000000eab00000,0x00000000eae00000,0x00000000eae00000)
  from space 1024K, 100% used [0x00000000eae00000,0x00000000eaf00000,0x00000000eaf00000)
  to   space 1024K, 0% used [0x00000000eaf00000,0x00000000eaf00000,0x00000000eb000000)
 ParOldGen       total 222720K, used 182406K [0x00000000c0000000, 0x00000000cd980000, 0x00000000eab00000)
  object space 222720K, 81% used [0x00000000c0000000,0x00000000cb2219e0,0x00000000cd980000)
 Metaspace       used 103694K, committed 105088K, reserved 1179648K
  class space    used 10123K, committed 10752K, reserved 1048576K
}
Event: 14716.798 GC heap after
{Heap after GC invocations=6739 (full 136):
 PSYoungGen      total 4096K, used 1018K [0x00000000eab00000, 0x00000000eb000000, 0x0000000100000000)
  eden space 3072K, 0% used [0x00000000eab00000,0x00000000eab00000,0x00000000eae00000)
  from space 1024K, 99% used [0x00000000eaf00000,0x00000000eaffe900,0x00000000eb000000)
  to   space 1024K, 0% used [0x00000000eae00000,0x00000000eae00000,0x00000000eaf00000)
 ParOldGen       total 222720K, used 183702K [0x00000000c0000000, 0x00000000cd980000, 0x00000000eab00000)
  object space 222720K, 82% used [0x00000000c0000000,0x00000000cb3659e0,0x00000000cd980000)
 Metaspace       used 103694K, committed 105088K, reserved 1179648K
  class space    used 10123K, committed 10752K, reserved 1048576K
}
Event: 14716.807 GC heap before
{Heap before GC invocations=6740 (full 136):
 PSYoungGen      total 4096K, used 4090K [0x00000000eab00000, 0x00000000eb000000, 0x0000000100000000)
  eden space 3072K, 100% used [0x00000000eab00000,0x00000000eae00000,0x00000000eae00000)
  from space 1024K, 99% used [0x00000000eaf00000,0x00000000eaffe900,0x00000000eb000000)
  to   space 1024K, 0% used [0x00000000eae00000,0x00000000eae00000,0x00000000eaf00000)
 ParOldGen       total 222720K, used 183702K [0x00000000c0000000, 0x00000000cd980000, 0x00000000eab00000)
  object space 222720K, 82% used [0x00000000c0000000,0x00000000cb3659e0,0x00000000cd980000)
 Metaspace       used 103694K, committed 105088K, reserved 1179648K
  class space    used 10123K, committed 10752K, reserved 1048576K
}
Event: 14716.809 GC heap after
{Heap after GC invocations=6740 (full 136):
 PSYoungGen      total 4096K, used 864K [0x00000000eab00000, 0x00000000eb000000, 0x0000000100000000)
  eden space 3072K, 0% used [0x00000000eab00000,0x00000000eab00000,0x00000000eae00000)
  from space 1024K, 84% used [0x00000000eae00000,0x00000000eaed8000,0x00000000eaf00000)
  to   space 1024K, 0% used [0x00000000eaf00000,0x00000000eaf00000,0x00000000eb000000)
 ParOldGen       total 222720K, used 184747K [0x00000000c0000000, 0x00000000cd980000, 0x00000000eab00000)
  object space 222720K, 82% used [0x00000000c0000000,0x00000000cb46ac00,0x00000000cd980000)
 Metaspace       used 103694K, committed 105088K, reserved 1179648K
  class space    used 10123K, committed 10752K, reserved 1048576K
}
Event: 14716.813 GC heap before
{Heap before GC invocations=6741 (full 136):
 PSYoungGen      total 4096K, used 3936K [0x00000000eab00000, 0x00000000eb000000, 0x0000000100000000)
  eden space 3072K, 100% used [0x00000000eab00000,0x00000000eae00000,0x00000000eae00000)
  from space 1024K, 84% used [0x00000000eae00000,0x00000000eaed8000,0x00000000eaf00000)
  to   space 1024K, 0% used [0x00000000eaf00000,0x00000000eaf00000,0x00000000eb000000)
 ParOldGen       total 222720K, used 184747K [0x00000000c0000000, 0x00000000cd980000, 0x00000000eab00000)
  object space 222720K, 82% used [0x00000000c0000000,0x00000000cb46ac00,0x00000000cd980000)
 Metaspace       used 103694K, committed 105088K, reserved 1179648K
  class space    used 10123K, committed 10752K, reserved 1048576K
}
Event: 14716.815 GC heap after
{Heap after GC invocations=6741 (full 136):
 PSYoungGen      total 4096K, used 372K [0x00000000eab00000, 0x00000000eb000000, 0x0000000100000000)
  eden space 3072K, 0% used [0x00000000eab00000,0x00000000eab00000,0x00000000eae00000)
  from space 1024K, 36% used [0x00000000eaf00000,0x00000000eaf5d200,0x00000000eb000000)
  to   space 1024K, 0% used [0x00000000eae00000,0x00000000eae00000,0x00000000eaf00000)
 ParOldGen       total 222720K, used 185499K [0x00000000c0000000, 0x00000000cd980000, 0x00000000eab00000)
  object space 222720K, 83% used [0x00000000c0000000,0x00000000cb526c00,0x00000000cd980000)
 Metaspace       used 103694K, committed 105088K, reserved 1179648K
  class space    used 10123K, committed 10752K, reserved 1048576K
}
Event: 14716.821 GC heap before
{Heap before GC invocations=6742 (full 136):
 PSYoungGen      total 4096K, used 3444K [0x00000000eab00000, 0x00000000eb000000, 0x0000000100000000)
  eden space 3072K, 100% used [0x00000000eab00000,0x00000000eae00000,0x00000000eae00000)
  from space 1024K, 36% used [0x00000000eaf00000,0x00000000eaf5d200,0x00000000eb000000)
  to   space 1024K, 0% used [0x00000000eae00000,0x00000000eae00000,0x00000000eaf00000)
 ParOldGen       total 222720K, used 185499K [0x00000000c0000000, 0x00000000cd980000, 0x00000000eab00000)
  object space 222720K, 83% used [0x00000000c0000000,0x00000000cb526c00,0x00000000cd980000)
 Metaspace       used 103694K, committed 105088K, reserved 1179648K
  class space    used 10123K, committed 10752K, reserved 1048576K
}
Event: 14716.822 GC heap after
{Heap after GC invocations=6742 (full 136):
 PSYoungGen      total 4096K, used 704K [0x00000000eab00000, 0x00000000eb000000, 0x0000000100000000)
  eden space 3072K, 0% used [0x00000000eab00000,0x00000000eab00000,0x00000000eae00000)
  from space 1024K, 68% used [0x00000000eae00000,0x00000000eaeb0000,0x00000000eaf00000)
  to   space 1024K, 0% used [0x00000000eaf00000,0x00000000eaf00000,0x00000000eb000000)
 ParOldGen       total 222720K, used 185719K [0x00000000c0000000, 0x00000000cd980000, 0x00000000eab00000)
  object space 222720K, 83% used [0x00000000c0000000,0x00000000cb55dc80,0x00000000cd980000)
 Metaspace       used 103694K, committed 105088K, reserved 1179648K
  class space    used 10123K, committed 10752K, reserved 1048576K
}

